<?xml version="1.0" encoding="UTF-8"?>
<testng-results total="1" passed="1" failed="0" skipped="0">
  <reporter-output>
  </reporter-output>
  <suite started-at="2021-05-13T05:01:42Z" name="Suite" finished-at="2021-05-13T05:01:57Z" duration-ms="15124">
    <groups>
    </groups>
    <test started-at="2021-05-13T05:01:42Z" name="Test" finished-at="2021-05-13T05:01:57Z" duration-ms="15124">
      <class name="ui.play.NewTest">
        <test-method is-config="true" signature="beforeTest()[pri:0, instance:ui.play.NewTest@3688eb5b]" started-at="2021-05-13T10:31:42Z" name="beforeTest" finished-at="2021-05-13T10:31:44Z" duration-ms="2645" status="PASS">
          <reporter-output>
          </reporter-output>
        </test-method> <!-- beforeTest -->
        <test-method signature="testEasy()[pri:0, instance:ui.play.NewTest@3688eb5b]" started-at="2021-05-13T10:31:44Z" name="testEasy" finished-at="2021-05-13T10:31:56Z" duration-ms="11776" status="PASS">
          <reporter-output>
          </reporter-output>
        </test-method> <!-- testEasy -->
        <test-method is-config="true" signature="afterTest()[pri:0, instance:ui.play.NewTest@3688eb5b]" started-at="2021-05-13T10:31:56Z" name="afterTest" finished-at="2021-05-13T10:31:57Z" duration-ms="685" status="PASS">
          <reporter-output>
          </reporter-output>
        </test-method> <!-- afterTest -->
      </class> <!-- ui.play.NewTest -->
    </test> <!-- Test -->
  </suite> <!-- Suite -->
</testng-results>
