<?xml version="1.0" encoding="UTF-8"?>
<testng-results total="1" passed="1" failed="0" skipped="0">
  <reporter-output>
  </reporter-output>
  <suite started-at="2021-03-13T03:37:01Z" name="Suite" finished-at="2021-03-13T03:37:16Z" duration-ms="15746">
    <groups>
    </groups>
    <test started-at="2021-03-13T03:37:01Z" name="Test" finished-at="2021-03-13T03:37:16Z" duration-ms="15746">
      <class name="ui.play.NewTest">
        <test-method is-config="true" signature="beforeTest()[pri:0, instance:ui.play.NewTest@8e50104]" started-at="2021-03-13T09:07:01Z" name="beforeTest" finished-at="2021-03-13T09:07:04Z" duration-ms="3847" status="PASS">
          <reporter-output>
          </reporter-output>
        </test-method> <!-- beforeTest -->
        <test-method signature="testEasy()[pri:0, instance:ui.play.NewTest@8e50104]" started-at="2021-03-13T09:07:04Z" name="testEasy" finished-at="2021-03-13T09:07:15Z" duration-ms="11009" status="PASS">
          <reporter-output>
          </reporter-output>
        </test-method> <!-- testEasy -->
        <test-method is-config="true" signature="afterTest()[pri:0, instance:ui.play.NewTest@8e50104]" started-at="2021-03-13T09:07:15Z" name="afterTest" finished-at="2021-03-13T09:07:16Z" duration-ms="855" status="PASS">
          <reporter-output>
          </reporter-output>
        </test-method> <!-- afterTest -->
      </class> <!-- ui.play.NewTest -->
    </test> <!-- Test -->
  </suite> <!-- Suite -->
</testng-results>
